app/build/outputs/logs/manifest-merger-debug-report.txt
-- Merging decision tree log ---
manifest
ADDED from src\main\AndroidManifest.xml:2:1-34:12
	package
		ADDED from src\main\AndroidManifest.xml:4:5-33
		INJECTED from src\main\AndroidManifest.xml
		INJECTED from src\main\AndroidManifest.xml
	android:versionName
		ADDED from src\main\AndroidManifest.xml:6:5-30
		INJECTED from src\main\AndroidManifest.xml
		INJECTED from src\main\AndroidManifest.xml
	android:versionCode
		ADDED from src\main\AndroidManifest.xml:5:5-28
		INJECTED from src\main\AndroidManifest.xml
		INJECTED from src\main\AndroidManifest.xml
	xmlns:android
		ADDED from src\main\AndroidManifest.xml:3:5-63
application
ADDED from src\main\AndroidManifest.xml:7:5-31:19
	android:label
		ADDED from src\main\AndroidManifest.xml:8:9-41
	android:icon
		ADDED from src\main\AndroidManifest.xml:9:9-42
activity#com.prova.jocprova.MainActivity
ADDED from src\main\AndroidManifest.xml:10:9-19:20
	android:label
		ADDED from src\main\AndroidManifest.xml:12:13-45
	android:name
		ADDED from src\main\AndroidManifest.xml:11:13-41
intent-filter#android.intent.action.MAIN+android.intent.category.LAUNCHER
ADDED from src\main\AndroidManifest.xml:13:13-18:29
action#android.intent.action.MAIN
ADDED from src\main\AndroidManifest.xml:14:17-15:65
	android:name
		ADDED from src\main\AndroidManifest.xml:15:21-62
category#android.intent.category.LAUNCHER
ADDED from src\main\AndroidManifest.xml:16:17-17:71
	android:name
		ADDED from src\main\AndroidManifest.xml:17:21-68
activity#com.prova.jocprova.JocProvaOpcionsActivity
ADDED from src\main\AndroidManifest.xml:23:9-24:63
	android:name
		ADDED from src\main\AndroidManifest.xml:24:13-51
activity#com.prova.jocprova.JocProvaAjudaActivity
ADDED from src\main\AndroidManifest.xml:25:9-26:61
	android:name
		ADDED from src\main\AndroidManifest.xml:26:13-49
activity#com.prova.jocprova.JocProvaPuntsActivity
ADDED from src\main\AndroidManifest.xml:27:9-28:61
	android:name
		ADDED from src\main\AndroidManifest.xml:28:13-49
activity#com.prova.jocprova.JocProvaMenuActivity
ADDED from src\main\AndroidManifest.xml:29:9-30:60
	android:name
		ADDED from src\main\AndroidManifest.xml:30:13-48
uses-sdk
ADDED from src\main\AndroidManifest.xml:32:5-33:37
	android:targetSdkVersion
		INJECTED from src\main\AndroidManifest.xml
		INJECTED from src\main\AndroidManifest.xml
	android:minSdkVersion
		ADDED from src\main\AndroidManifest.xml:33:9-34
		INJECTED from src\main\AndroidManifest.xml
		INJECTED from src\main\AndroidManifest.xml